2017-11-28 14:47:17,086 [Worker-6] INFO  c.g.t.t.d.PublishedGradleVersions - Gradle version information cache is up-to-date. Trying to read.
2017-11-28 14:51:04,127 [Start Help Server] INFO  org.eclipse.jetty.util.log - Logging initialized @233576ms
2017-11-28 14:51:04,237 [Start Help Server] INFO  org.eclipse.jetty.server.Server - jetty-9.3.9.v20160517
2017-11-28 14:51:04,277 [Start Help Server] INFO  o.e.j.server.handler.ContextHandler - Started o.e.j.s.ServletContextHandler@6ffdc6f0{/help,null,AVAILABLE}
2017-11-28 14:51:04,283 [Start Help Server] INFO  o.e.jetty.server.AbstractConnector - Started ServerConnector@52613e69{HTTP/1.1,[http/1.1]}{127.0.0.1:40130}
2017-11-28 14:51:04,283 [Start Help Server] INFO  org.eclipse.jetty.server.Server - Started @233732ms
2017-11-28 15:30:27,497 [Worker-0] INFO  c.g.t.t.d.PublishedGradleVersions - Gradle version information cache is up-to-date. Trying to read.
2017-11-28 15:30:57,939 [Start Help Server] INFO  org.eclipse.jetty.util.log - Logging initialized @37702ms
2017-11-28 15:30:58,028 [Start Help Server] INFO  org.eclipse.jetty.server.Server - jetty-9.3.9.v20160517
2017-11-28 15:30:58,099 [Start Help Server] INFO  o.e.j.server.handler.ContextHandler - Started o.e.j.s.ServletContextHandler@34a35179{/help,null,AVAILABLE}
2017-11-28 15:30:58,106 [Start Help Server] INFO  o.e.jetty.server.AbstractConnector - Started ServerConnector@4d192dbc{HTTP/1.1,[http/1.1]}{127.0.0.1:40775}
2017-11-28 15:30:58,107 [Start Help Server] INFO  org.eclipse.jetty.server.Server - Started @37870ms
2017-11-28 15:57:06,248 [Stop Help Server] INFO  o.e.jetty.server.AbstractConnector - Stopped ServerConnector@4d192dbc{HTTP/1.1,[http/1.1]}{127.0.0.1:0}
2017-11-28 15:57:06,256 [Stop Help Server] INFO  o.e.j.server.handler.ContextHandler - Stopped o.e.j.s.ServletContextHandler@34a35179{/help,null,UNAVAILABLE}
2017-11-28 15:59:38,786 [Worker-3] INFO  c.g.t.t.d.PublishedGradleVersions - Gradle version information cache is up-to-date. Trying to read.
2017-11-28 16:00:25,522 [Start Help Server] INFO  org.eclipse.jetty.util.log - Logging initialized @54657ms
2017-11-28 16:00:25,599 [Start Help Server] INFO  org.eclipse.jetty.server.Server - jetty-9.3.9.v20160517
2017-11-28 16:00:25,668 [Start Help Server] INFO  o.e.j.server.handler.ContextHandler - Started o.e.j.s.ServletContextHandler@6f274204{/help,null,AVAILABLE}
2017-11-28 16:00:25,674 [Start Help Server] INFO  o.e.jetty.server.AbstractConnector - Started ServerConnector@5bcfdea8{HTTP/1.1,[http/1.1]}{127.0.0.1:37936}
2017-11-28 16:00:25,674 [Start Help Server] INFO  org.eclipse.jetty.server.Server - Started @54810ms
2017-11-28 19:38:43,336 [Stop Help Server] INFO  o.e.jetty.server.AbstractConnector - Stopped ServerConnector@5bcfdea8{HTTP/1.1,[http/1.1]}{127.0.0.1:0}
2017-11-28 19:38:43,355 [Stop Help Server] INFO  o.e.j.server.handler.ContextHandler - Stopped o.e.j.s.ServletContextHandler@6f274204{/help,null,UNAVAILABLE}
2017-11-29 09:20:04,666 [Worker-2] INFO  c.g.t.t.d.PublishedGradleVersions - Gradle version information cache is up-to-date. Trying to read.
2017-11-29 09:21:34,650 [Start Help Server] INFO  org.eclipse.jetty.util.log - Logging initialized @117045ms
2017-11-29 09:21:34,807 [Start Help Server] INFO  org.eclipse.jetty.server.Server - jetty-9.3.9.v20160517
2017-11-29 09:21:34,844 [Start Help Server] INFO  o.e.j.server.handler.ContextHandler - Started o.e.j.s.ServletContextHandler@11f73e54{/help,null,AVAILABLE}
2017-11-29 09:21:34,854 [Start Help Server] INFO  o.e.jetty.server.AbstractConnector - Started ServerConnector@78aba762{HTTP/1.1,[http/1.1]}{127.0.0.1:34993}
2017-11-29 09:21:34,855 [Start Help Server] INFO  org.eclipse.jetty.server.Server - Started @117250ms
2017-11-29 19:36:41,584 [Stop Help Server] INFO  o.e.jetty.server.AbstractConnector - Stopped ServerConnector@78aba762{HTTP/1.1,[http/1.1]}{127.0.0.1:0}
2017-11-29 19:36:41,601 [Stop Help Server] INFO  o.e.j.server.handler.ContextHandler - Stopped o.e.j.s.ServletContextHandler@11f73e54{/help,null,UNAVAILABLE}
2017-11-30 09:17:50,885 [Worker-1] INFO  c.g.t.t.d.PublishedGradleVersions - Gradle version information cache is out-of-date. Trying to update.
2017-11-30 10:04:29,183 [Start Help Server] INFO  org.eclipse.jetty.util.log - Logging initialized @2822984ms
2017-11-30 10:04:29,330 [Start Help Server] INFO  org.eclipse.jetty.server.Server - jetty-9.3.9.v20160517
2017-11-30 10:04:29,377 [Start Help Server] INFO  o.e.j.server.handler.ContextHandler - Started o.e.j.s.ServletContextHandler@612ce372{/help,null,AVAILABLE}
2017-11-30 10:04:29,383 [Start Help Server] INFO  o.e.jetty.server.AbstractConnector - Started ServerConnector@2876dc3b{HTTP/1.1,[http/1.1]}{127.0.0.1:37276}
2017-11-30 10:04:29,383 [Start Help Server] INFO  org.eclipse.jetty.server.Server - Started @2823185ms
2017-11-30 10:21:12,753 [Worker-58] INFO  o.e.m.c.i.p.ProjectConfigurationManager - Collecting project info '/pom.xml' /home/bridgeit/Sid/Play/CompletableFuture/pom.xml
2017-11-30 10:21:14,300 [Worker-58] INFO  o.e.m.c.i.l.LifecycleMappingFactory - Using org.eclipse.m2e.jdt.JarLifecycleMapping lifecycle mapping for MavenProject: com.bridgelabz:CompletableFuture:0.0.1-SNAPSHOT @ /home/bridgeit/Sid/Play/CompletableFuture/pom.xml.
2017-11-30 10:21:15,264 [Worker-58] INFO  o.e.m.j.i.AbstractJavaProjectConfigurator - Adding source folder /CompletableFuture/src/main/java
2017-11-30 10:21:15,265 [Worker-58] INFO  o.e.m.j.i.AbstractJavaProjectConfigurator - Adding source folder /CompletableFuture/src/test/java
2017-11-30 10:21:15,338 [Worker-58] INFO  o.e.m.c.i.p.ProjectConfigurationManager - Imported and configured 1 project(s) in 2 sec
2017-11-30 10:21:15,745 [Worker-57] INFO  o.e.m.c.i.embedder.EclipseLogger - Using 'UTF-8' encoding to copy filtered resources.
2017-11-30 10:21:15,746 [Worker-57] INFO  o.e.m.c.i.embedder.EclipseLogger - skip non existing resourceDirectory /home/bridgeit/Sid/Play/CompletableFuture/src/main/resources
2017-11-30 10:21:15,747 [Worker-57] INFO  o.e.m.c.i.embedder.EclipseLogger - Using 'UTF-8' encoding to copy filtered resources.
2017-11-30 10:21:15,748 [Worker-57] INFO  o.e.m.c.i.embedder.EclipseLogger - skip non existing resourceDirectory /home/bridgeit/Sid/Play/CompletableFuture/src/test/resources
2017-11-30 10:21:50,619 [Worker-56] ERROR o.e.m.c.i.p.r.ProjectRegistryManager - Could not read pom.xml
org.eclipse.core.runtime.CoreException: Could not read pom.xml
	at org.eclipse.m2e.core.internal.embedder.MavenImpl.readModel(MavenImpl.java:565) ~[org.eclipse.m2e.core_1.7.0.20160603-1933.jar:na]
	at org.eclipse.m2e.core.internal.embedder.MavenImpl.readModel(MavenImpl.java:574) ~[org.eclipse.m2e.core_1.7.0.20160603-1933.jar:na]
	at org.eclipse.m2e.core.internal.project.registry.ProjectRegistryManager.refreshPhase2(ProjectRegistryManager.java:542) [org.eclipse.m2e.core_1.7.0.20160603-1933.jar:na]
	at org.eclipse.m2e.core.internal.project.registry.ProjectRegistryManager.refresh(ProjectRegistryManager.java:498) [org.eclipse.m2e.core_1.7.0.20160603-1933.jar:na]
	at org.eclipse.m2e.core.internal.project.registry.ProjectRegistryManager.refresh(ProjectRegistryManager.java:351) [org.eclipse.m2e.core_1.7.0.20160603-1933.jar:na]
	at org.eclipse.m2e.core.internal.project.registry.ProjectRegistryManager.refresh(ProjectRegistryManager.java:298) [org.eclipse.m2e.core_1.7.0.20160603-1933.jar:na]
	at org.eclipse.m2e.core.internal.builder.MavenBuilder$BuildMethod.getProjectFacade(MavenBuilder.java:154) [org.eclipse.m2e.core_1.7.0.20160603-1933.jar:na]
	at org.eclipse.m2e.core.internal.builder.MavenBuilder$BuildMethod$1.call(MavenBuilder.java:89) [org.eclipse.m2e.core_1.7.0.20160603-1933.jar:na]
	at org.eclipse.m2e.core.internal.embedder.MavenExecutionContext.executeBare(MavenExecutionContext.java:176) [org.eclipse.m2e.core_1.7.0.20160603-1933.jar:na]
	at org.eclipse.m2e.core.internal.embedder.MavenExecutionContext.execute(MavenExecutionContext.java:151) [org.eclipse.m2e.core_1.7.0.20160603-1933.jar:na]
	at org.eclipse.m2e.core.internal.embedder.MavenExecutionContext.execute(MavenExecutionContext.java:99) [org.eclipse.m2e.core_1.7.0.20160603-1933.jar:na]
	at org.eclipse.m2e.core.internal.builder.MavenBuilder$BuildMethod.execute(MavenBuilder.java:86) [org.eclipse.m2e.core_1.7.0.20160603-1933.jar:na]
	at org.eclipse.m2e.core.internal.builder.MavenBuilder.build(MavenBuilder.java:200) [org.eclipse.m2e.core_1.7.0.20160603-1933.jar:na]
	at org.eclipse.core.internal.events.BuildManager$2.run(BuildManager.java:735) [org.eclipse.core.resources_3.11.1.v20161107-2032.jar:na]
	at org.eclipse.core.runtime.SafeRunner.run(SafeRunner.java:42) [org.eclipse.equinox.common_3.8.0.v20160509-1230.jar:na]
	at org.eclipse.core.internal.events.BuildManager.basicBuild(BuildManager.java:206) [org.eclipse.core.resources_3.11.1.v20161107-2032.jar:na]
	at org.eclipse.core.internal.events.BuildManager.basicBuild(BuildManager.java:246) [org.eclipse.core.resources_3.11.1.v20161107-2032.jar:na]
	at org.eclipse.core.internal.events.BuildManager$1.run(BuildManager.java:301) [org.eclipse.core.resources_3.11.1.v20161107-2032.jar:na]
	at org.eclipse.core.runtime.SafeRunner.run(SafeRunner.java:42) [org.eclipse.equinox.common_3.8.0.v20160509-1230.jar:na]
	at org.eclipse.core.internal.events.BuildManager.basicBuild(BuildManager.java:304) [org.eclipse.core.resources_3.11.1.v20161107-2032.jar:na]
	at org.eclipse.core.internal.events.BuildManager.basicBuildLoop(BuildManager.java:360) [org.eclipse.core.resources_3.11.1.v20161107-2032.jar:na]
	at org.eclipse.core.internal.events.BuildManager.build(BuildManager.java:383) [org.eclipse.core.resources_3.11.1.v20161107-2032.jar:na]
	at org.eclipse.core.internal.events.AutoBuildJob.doBuild(AutoBuildJob.java:144) [org.eclipse.core.resources_3.11.1.v20161107-2032.jar:na]
	at org.eclipse.core.internal.events.AutoBuildJob.run(AutoBuildJob.java:235) [org.eclipse.core.resources_3.11.1.v20161107-2032.jar:na]
	at org.eclipse.core.internal.jobs.Worker.run(Worker.java:55) [org.eclipse.core.jobs_3.8.0.v20160509-0411.jar:na]
Caused by: org.apache.maven.model.io.ModelParseException: unexpected character in markup < (position: END_TAG seen ...</project.build.sourceEncoding>\n    <<... @15:7) 
	at org.apache.maven.model.io.DefaultModelReader.read(DefaultModelReader.java:122) ~[maven-model-builder-3.3.9.jar:3.3.9]
	at org.apache.maven.model.io.DefaultModelReader.read(DefaultModelReader.java:86) ~[maven-model-builder-3.3.9.jar:3.3.9]
	at org.eclipse.m2e.core.internal.embedder.MavenImpl.readModel(MavenImpl.java:563) ~[org.eclipse.m2e.core_1.7.0.20160603-1933.jar:na]
	... 24 common frames omitted
Caused by: org.codehaus.plexus.util.xml.pull.XmlPullParserException: unexpected character in markup < (position: END_TAG seen ...</project.build.sourceEncoding>\n    <<... @15:7) 
	at org.codehaus.plexus.util.xml.pull.MXParser.nextImpl(MXParser.java:1299) ~[plexus-utils-3.0.22.jar:na]
	at org.codehaus.plexus.util.xml.pull.MXParser.next(MXParser.java:1131) ~[plexus-utils-3.0.22.jar:na]
	at org.codehaus.plexus.util.xml.pull.MXParser.nextTag(MXParser.java:1116) ~[plexus-utils-3.0.22.jar:na]
	at org.apache.maven.model.io.xpp3.MavenXpp3Reader.parseModel(MavenXpp3Reader.java:2216) ~[maven-model-3.3.9.jar:3.3.9]
	at org.apache.maven.model.io.xpp3.MavenXpp3Reader.read(MavenXpp3Reader.java:3845) ~[maven-model-3.3.9.jar:3.3.9]
	at org.apache.maven.model.io.xpp3.MavenXpp3Reader.read(MavenXpp3Reader.java:595) ~[maven-model-3.3.9.jar:3.3.9]
	at org.apache.maven.model.io.DefaultModelReader.read(DefaultModelReader.java:117) ~[maven-model-builder-3.3.9.jar:3.3.9]
	... 26 common frames omitted
2017-11-30 10:21:52,425 [Worker-55] ERROR o.e.m.c.i.p.r.ProjectRegistryManager - Could not read pom.xml
org.eclipse.core.runtime.CoreException: Could not read pom.xml
	at org.eclipse.m2e.core.internal.embedder.MavenImpl.readModel(MavenImpl.java:565) ~[org.eclipse.m2e.core_1.7.0.20160603-1933.jar:na]
	at org.eclipse.m2e.core.internal.embedder.MavenImpl.readModel(MavenImpl.java:574) ~[org.eclipse.m2e.core_1.7.0.20160603-1933.jar:na]
	at org.eclipse.m2e.core.internal.project.registry.ProjectRegistryManager.refreshPhase2(ProjectRegistryManager.java:542) [org.eclipse.m2e.core_1.7.0.20160603-1933.jar:na]
	at org.eclipse.m2e.core.internal.project.registry.ProjectRegistryManager.refresh(ProjectRegistryManager.java:498) [org.eclipse.m2e.core_1.7.0.20160603-1933.jar:na]
	at org.eclipse.m2e.core.internal.project.registry.ProjectRegistryManager.refresh(ProjectRegistryManager.java:351) [org.eclipse.m2e.core_1.7.0.20160603-1933.jar:na]
	at org.eclipse.m2e.core.internal.project.registry.ProjectRegistryManager.refresh(ProjectRegistryManager.java:298) [org.eclipse.m2e.core_1.7.0.20160603-1933.jar:na]
	at org.eclipse.m2e.core.internal.builder.MavenBuilder$BuildMethod.getProjectFacade(MavenBuilder.java:154) [org.eclipse.m2e.core_1.7.0.20160603-1933.jar:na]
	at org.eclipse.m2e.core.internal.builder.MavenBuilder$BuildMethod$1.call(MavenBuilder.java:89) [org.eclipse.m2e.core_1.7.0.20160603-1933.jar:na]
	at org.eclipse.m2e.core.internal.embedder.MavenExecutionContext.executeBare(MavenExecutionContext.java:176) [org.eclipse.m2e.core_1.7.0.20160603-1933.jar:na]
	at org.eclipse.m2e.core.internal.embedder.MavenExecutionContext.execute(MavenExecutionContext.java:151) [org.eclipse.m2e.core_1.7.0.20160603-1933.jar:na]
	at org.eclipse.m2e.core.internal.embedder.MavenExecutionContext.execute(MavenExecutionContext.java:99) [org.eclipse.m2e.core_1.7.0.20160603-1933.jar:na]
	at org.eclipse.m2e.core.internal.builder.MavenBuilder$BuildMethod.execute(MavenBuilder.java:86) [org.eclipse.m2e.core_1.7.0.20160603-1933.jar:na]
	at org.eclipse.m2e.core.internal.builder.MavenBuilder.build(MavenBuilder.java:200) [org.eclipse.m2e.core_1.7.0.20160603-1933.jar:na]
	at org.eclipse.core.internal.events.BuildManager$2.run(BuildManager.java:735) [org.eclipse.core.resources_3.11.1.v20161107-2032.jar:na]
	at org.eclipse.core.runtime.SafeRunner.run(SafeRunner.java:42) [org.eclipse.equinox.common_3.8.0.v20160509-1230.jar:na]
	at org.eclipse.core.internal.events.BuildManager.basicBuild(BuildManager.java:206) [org.eclipse.core.resources_3.11.1.v20161107-2032.jar:na]
	at org.eclipse.core.internal.events.BuildManager.basicBuild(BuildManager.java:246) [org.eclipse.core.resources_3.11.1.v20161107-2032.jar:na]
	at org.eclipse.core.internal.events.BuildManager$1.run(BuildManager.java:301) [org.eclipse.core.resources_3.11.1.v20161107-2032.jar:na]
	at org.eclipse.core.runtime.SafeRunner.run(SafeRunner.java:42) [org.eclipse.equinox.common_3.8.0.v20160509-1230.jar:na]
	at org.eclipse.core.internal.events.BuildManager.basicBuild(BuildManager.java:304) [org.eclipse.core.resources_3.11.1.v20161107-2032.jar:na]
	at org.eclipse.core.internal.events.BuildManager.basicBuildLoop(BuildManager.java:360) [org.eclipse.core.resources_3.11.1.v20161107-2032.jar:na]
	at org.eclipse.core.internal.events.BuildManager.build(BuildManager.java:383) [org.eclipse.core.resources_3.11.1.v20161107-2032.jar:na]
	at org.eclipse.core.internal.events.AutoBuildJob.doBuild(AutoBuildJob.java:144) [org.eclipse.core.resources_3.11.1.v20161107-2032.jar:na]
	at org.eclipse.core.internal.events.AutoBuildJob.run(AutoBuildJob.java:235) [org.eclipse.core.resources_3.11.1.v20161107-2032.jar:na]
	at org.eclipse.core.internal.jobs.Worker.run(Worker.java:55) [org.eclipse.core.jobs_3.8.0.v20160509-0411.jar:na]
Caused by: org.apache.maven.model.io.ModelParseException: unexpected character in markup < (position: END_TAG seen ...</project.build.sourceEncoding>\n    <<... @15:7) 
	at org.apache.maven.model.io.DefaultModelReader.read(DefaultModelReader.java:122) ~[maven-model-builder-3.3.9.jar:3.3.9]
	at org.apache.maven.model.io.DefaultModelReader.read(DefaultModelReader.java:86) ~[maven-model-builder-3.3.9.jar:3.3.9]
	at org.eclipse.m2e.core.internal.embedder.MavenImpl.readModel(MavenImpl.java:563) ~[org.eclipse.m2e.core_1.7.0.20160603-1933.jar:na]
	... 24 common frames omitted
Caused by: org.codehaus.plexus.util.xml.pull.XmlPullParserException: unexpected character in markup < (position: END_TAG seen ...</project.build.sourceEncoding>\n    <<... @15:7) 
	at org.codehaus.plexus.util.xml.pull.MXParser.nextImpl(MXParser.java:1299) ~[plexus-utils-3.0.22.jar:na]
	at org.codehaus.plexus.util.xml.pull.MXParser.next(MXParser.java:1131) ~[plexus-utils-3.0.22.jar:na]
	at org.codehaus.plexus.util.xml.pull.MXParser.nextTag(MXParser.java:1116) ~[plexus-utils-3.0.22.jar:na]
	at org.apache.maven.model.io.xpp3.MavenXpp3Reader.parseModel(MavenXpp3Reader.java:2216) ~[maven-model-3.3.9.jar:3.3.9]
	at org.apache.maven.model.io.xpp3.MavenXpp3Reader.read(MavenXpp3Reader.java:3845) ~[maven-model-3.3.9.jar:3.3.9]
	at org.apache.maven.model.io.xpp3.MavenXpp3Reader.read(MavenXpp3Reader.java:595) ~[maven-model-3.3.9.jar:3.3.9]
	at org.apache.maven.model.io.DefaultModelReader.read(DefaultModelReader.java:117) ~[maven-model-builder-3.3.9.jar:3.3.9]
	... 26 common frames omitted
2017-11-30 10:21:55,579 [Worker-55] INFO  o.e.m.c.i.l.LifecycleMappingFactory - Using org.eclipse.m2e.jdt.JarLifecycleMapping lifecycle mapping for MavenProject: com.bridgelabz:CompletableFuture:0.0.1-SNAPSHOT @ /home/bridgeit/Sid/Play/CompletableFuture/pom.xml.
2017-11-30 10:21:55,863 [Worker-55] INFO  o.e.m.c.i.embedder.EclipseLogger - Using 'UTF-8' encoding to copy filtered resources.
2017-11-30 10:21:55,863 [Worker-55] INFO  o.e.m.c.i.embedder.EclipseLogger - skip non existing resourceDirectory /home/bridgeit/Sid/Play/CompletableFuture/src/main/resources
2017-11-30 10:21:55,865 [Worker-55] INFO  o.e.m.c.i.embedder.EclipseLogger - Using 'UTF-8' encoding to copy filtered resources.
2017-11-30 10:21:55,865 [Worker-55] INFO  o.e.m.c.i.embedder.EclipseLogger - skip non existing resourceDirectory /home/bridgeit/Sid/Play/CompletableFuture/src/test/resources
2017-11-30 10:21:56,986 [Worker-57] INFO  o.e.m.c.i.embedder.EclipseLogger - Using 'UTF-8' encoding to copy filtered resources.
2017-11-30 10:21:56,987 [Worker-57] INFO  o.e.m.c.i.embedder.EclipseLogger - skip non existing resourceDirectory /home/bridgeit/Sid/Play/CompletableFuture/src/main/resources
2017-11-30 10:21:56,987 [Worker-57] INFO  o.e.m.c.i.embedder.EclipseLogger - Using 'UTF-8' encoding to copy filtered resources.
2017-11-30 10:21:56,987 [Worker-57] INFO  o.e.m.c.i.embedder.EclipseLogger - skip non existing resourceDirectory /home/bridgeit/Sid/Play/CompletableFuture/src/test/resources
2017-11-30 10:22:01,711 [Worker-39] INFO  o.e.m.c.i.p.ProjectConfigurationManager - Update started
2017-11-30 10:22:02,033 [Worker-39] INFO  o.e.m.c.i.l.LifecycleMappingFactory - Using org.eclipse.m2e.jdt.JarLifecycleMapping lifecycle mapping for MavenProject: com.bridgelabz:CompletableFuture:0.0.1-SNAPSHOT @ /home/bridgeit/Sid/Play/CompletableFuture/pom.xml.
2017-11-30 10:22:02,106 [Worker-39] INFO  o.e.m.j.i.AbstractJavaProjectConfigurator - Adding source folder /CompletableFuture/src/main/java
2017-11-30 10:22:02,106 [Worker-39] INFO  o.e.m.j.i.AbstractJavaProjectConfigurator - Adding source folder /CompletableFuture/src/test/java
2017-11-30 10:22:02,188 [Worker-39] INFO  o.e.m.c.i.p.ProjectConfigurationManager - Update completed: 0 sec
2017-11-30 10:22:02,360 [Worker-59] INFO  o.e.m.c.i.embedder.EclipseLogger - Using 'UTF-8' encoding to copy filtered resources.
2017-11-30 10:22:02,360 [Worker-59] INFO  o.e.m.c.i.embedder.EclipseLogger - skip non existing resourceDirectory /home/bridgeit/Sid/Play/CompletableFuture/src/main/resources
2017-11-30 10:22:02,361 [Worker-59] INFO  o.e.m.c.i.embedder.EclipseLogger - Using 'UTF-8' encoding to copy filtered resources.
2017-11-30 10:22:02,362 [Worker-59] INFO  o.e.m.c.i.embedder.EclipseLogger - skip non existing resourceDirectory /home/bridgeit/Sid/Play/CompletableFuture/src/test/resources
2017-11-30 12:44:03,336 [Worker-4] INFO  c.g.t.t.d.PublishedGradleVersions - Gradle version information cache is up-to-date. Trying to read.
2017-11-30 16:07:53,728 [Start Help Server] INFO  org.eclipse.jetty.util.log - Logging initialized @4783227ms
2017-11-30 16:07:53,804 [Start Help Server] INFO  org.eclipse.jetty.server.Server - jetty-9.3.9.v20160517
2017-11-30 16:07:53,853 [Start Help Server] INFO  o.e.j.server.handler.ContextHandler - Started o.e.j.s.ServletContextHandler@60c4f4f8{/help,null,AVAILABLE}
2017-11-30 16:07:53,877 [Start Help Server] INFO  o.e.jetty.server.AbstractConnector - Started ServerConnector@70e1c208{HTTP/1.1,[http/1.1]}{127.0.0.1:43816}
2017-11-30 16:07:53,877 [Start Help Server] INFO  org.eclipse.jetty.server.Server - Started @4783377ms
2017-11-30 19:27:19,364 [Stop Help Server] INFO  o.e.jetty.server.AbstractConnector - Stopped ServerConnector@70e1c208{HTTP/1.1,[http/1.1]}{127.0.0.1:0}
2017-11-30 19:27:19,434 [Stop Help Server] INFO  o.e.j.server.handler.ContextHandler - Stopped o.e.j.s.ServletContextHandler@60c4f4f8{/help,null,UNAVAILABLE}
2017-12-01 08:55:27,748 [Worker-2] INFO  c.g.t.t.d.PublishedGradleVersions - Gradle version information cache is up-to-date. Trying to read.
2017-12-01 10:56:31,325 [Start Help Server] INFO  org.eclipse.jetty.util.log - Logging initialized @7315406ms
2017-12-01 10:56:31,482 [Start Help Server] INFO  org.eclipse.jetty.server.Server - jetty-9.3.9.v20160517
2017-12-01 10:56:31,518 [Start Help Server] INFO  o.e.j.server.handler.ContextHandler - Started o.e.j.s.ServletContextHandler@23dbef9f{/help,null,AVAILABLE}
2017-12-01 10:56:31,523 [Start Help Server] INFO  o.e.jetty.server.AbstractConnector - Started ServerConnector@3f75fd98{HTTP/1.1,[http/1.1]}{127.0.0.1:35050}
2017-12-01 10:56:31,523 [Start Help Server] INFO  org.eclipse.jetty.server.Server - Started @7315604ms
2017-12-01 12:28:34,320 [Stop Help Server] INFO  o.e.jetty.server.AbstractConnector - Stopped ServerConnector@3f75fd98{HTTP/1.1,[http/1.1]}{127.0.0.1:0}
2017-12-01 12:28:34,340 [Stop Help Server] INFO  o.e.j.server.handler.ContextHandler - Stopped o.e.j.s.ServletContextHandler@23dbef9f{/help,null,UNAVAILABLE}
2017-12-01 12:40:40,266 [Worker-0] INFO  c.g.t.t.d.PublishedGradleVersions - Gradle version information cache is up-to-date. Trying to read.
2017-12-01 13:02:05,104 [Start Help Server] INFO  org.eclipse.jetty.util.log - Logging initialized @1294265ms
2017-12-01 13:02:05,202 [Start Help Server] INFO  org.eclipse.jetty.server.Server - jetty-9.3.9.v20160517
2017-12-01 13:02:05,250 [Start Help Server] INFO  o.e.j.server.handler.ContextHandler - Started o.e.j.s.ServletContextHandler@158be829{/help,null,AVAILABLE}
2017-12-01 13:02:05,258 [Start Help Server] INFO  o.e.jetty.server.AbstractConnector - Started ServerConnector@4e06f9d9{HTTP/1.1,[http/1.1]}{127.0.0.1:38967}
2017-12-01 13:02:05,259 [Start Help Server] INFO  org.eclipse.jetty.server.Server - Started @1294420ms
